build/app/outputs/mapping/release/usage.txt
com.example.portofolio_q.R$styleable
com.example.portofolio_q.R$drawable
com.example.portofolio_q.R$layout
com.example.portofolio_q.R$id
com.example.portofolio_q.R
com.example.portofolio_q.R$mipmap
com.example.portofolio_q.R$dimen
com.example.portofolio_q.R$attr
com.example.portofolio_q.R$style
com.example.portofolio_q.R$string
com.example.portofolio_q.R$integer
com.example.portofolio_q.R$color
com.example.portofolio_q.BuildConfig
...
kotlin.reflect.KDeclarationContainer
kotlin.coroutines.jvm.internal.DebugProbesKt
com.google.common.base.FinalizableReferenceQueue$DirectLoader
com.google.common.reflect.Types$WildcardTypeImpl
androidx.lifecycle.ViewModelStoreOwner
kotlin.collections.AbstractMap$values$1
androidx.core.content.SharedPreferencesCompat
com.google.common.base.CommonPattern
com.google.common.collect.Maps$13
com.google.common.util.concurrent.CollectionFuture
com.google.common.collect.StandardRowSortedTable$1
kotlin.coroutines.experimental.SequenceBuilderIterator
com.google.common.base.Converter$1$1
io.flutter.embedding.android.FlutterFragmentActivity$NewEngineIntentBuilder
com.google.common.collect.RegularImmutableSortedSet
com.google.common.util.concurrent.AbstractIdleService$DelegateService$2
androidx.core.hardware.fingerprint.FingerprintManagerCompat
com.google.common.collect.Serialization$FieldSetter
com.google.common.collect.Lists$CharSequenceAsList
androidx.lifecycle.livedata.R
com.google.common.graph.package-info
kotlin.reflect.KMutableProperty0
com.google.common.cache.CacheBuilderSpec$ConcurrencyLevelParser
kotlin.text.StringsKt__IndentKt$getIndentFunction$1
androidx.viewpager.widget.PagerTabStrip$2
kotlin.sequences.FlatteningSequence
com.google.common.base.Preconditions:
    private void <init>()
    public static void checkArgument(boolean)
    public static void checkArgument(boolean,java.lang.Object)
    public static varargs void checkArgument(boolean,java.lang.String,java.lang.Object[])
    public static void checkArgument(boolean,java.lang.String,char)
    public static void checkArgument(boolean,java.lang.String,int)
    public static void checkArgument(boolean,java.lang.String,long)
    public static void checkArgument(boolean,java.lang.String,java.lang.Object)
    public static void checkArgument(boolean,java.lang.String,char,char)
    public static void checkArgument(boolean,java.lang.String,char,int)
    public static void checkArgument(boolean,java.lang.String,char,long)
    public static void checkArgument(boolean,java.lang.String,char,java.lang.Object)
    public static void checkArgument(boolean,java.lang.String,int,char)
    public static void checkArgument(boolean,java.lang.String,int,long)
    public static void checkArgument(boolean,java.lang.String,int,java.lang.Object)
    public static void checkArgument(boolean,java.lang.String,long,char)
    public static void checkArgument(boolean,java.lang.String,long,int)
    public static void checkArgument(boolean,java.lang.String,long,long)
    public static void checkArgument(boolean,java.lang.String,long,java.lang.Object)
    public static void checkArgument(boolean,java.lang.String,java.lang.Object,char)
com.google.common.primitives.ImmutableDoubleArray
kotlin.concurrent.TimersKt
kotlin.coroutines.intrinsics.CoroutineSingletons
kotlin.text.StringsKt___StringsKt$windowedSequence$2
com.google.common.collect.TreeTraverser$PostOrderIterator
com.google.common.collect.FluentIterable
com.google.common.collect.NullsFirstOrdering
com.google.common.collect.Sets$5$1$1
com.google.common.collect.AbstractMultimap$EntrySet
kotlin.comparisons.ComparisonsKt__ComparisonsKt$compareByDescending$2
com.google.common.util.concurrent.AbstractService$1
io.flutter.app.FlutterActivityEvents
kotlin.ranges.UIntProgressionIterator
androidx.fragment.app.BackStackRecord
com.google.common.util.concurrent.AsyncFunction
kotlin.collections.ArraysKt___ArraysKt$withIndex$6
com.google.common.collect.RegularImmutableMap
com.google.common.cache.LocalCache$LocalManualCache
com.google.common.graph.EndpointPair$Ordered
com.google.common.collect.TreeRangeMap$SubRangeMap$1
com.google.common.util.concurrent.CombinedFuture$AsyncCallableInterruptibleTask
kotlin.TypeCastException
com.google.common.collect.Maps$8
com.google.common.collect.Sets$2$1
kotlin.jvm.internal.TypeReference$WhenMappings
com.google.common.cache.CacheBuilderSpec$MaximumWeightParser
com.google.common.primitives.Ints
kotlin.jvm.functions.Function18